<?xml version="1.0" encoding="UTF-8"?>
<!-- Generated by org.testng.reporters.JUnitReportReporter -->
<testsuite hostname="LIN36000864" failures="0" tests="1" name="RestAutomation" time="5.177" errors="0" timestamp="29 May 2021 14:50:55 GMT">
  <testcase classname="RestAutomation" name="restTest" time="5.177"/>
</testsuite> <!-- RestAutomation -->
